{"C:\\Users\\barry\\Desktop\\project-evaluateNewsNLP\\src\\filterByTerm.js": {"path":"C:\\Users\\barry\\Desktop\\project-evaluateNewsNLP\\src\\filterByTerm.js","statementMap":{"0":{"start":{"line":2,"column":4},"end":{"line":2,"column":63}},"1":{"start":{"line":2,"column":21},"end":{"line":2,"column":63}},"2":{"start":{"line":3,"column":4},"end":{"line":3,"column":66}},"3":{"start":{"line":3,"column":26},"end":{"line":3,"column":66}},"4":{"start":{"line":4,"column":18},"end":{"line":4,"column":45}},"5":{"start":{"line":5,"column":4},"end":{"line":7,"column":7}},"6":{"start":{"line":6,"column":8},"end":{"line":6,"column":45}},"7":{"start":{"line":10,"column":0},"end":{"line":10,"column":29}}},"fnMap":{"0":{"name":"filterByTerm","decl":{"start":{"line":1,"column":9},"end":{"line":1,"column":21}},"loc":{"start":{"line":1,"column":44},"end":{"line":8,"column":1}},"line":1},"1":{"name":"(anonymous_1)","decl":{"start":{"line":5,"column":27},"end":{"line":5,"column":28}},"loc":{"start":{"line":5,"column":50},"end":{"line":7,"column":5}},"line":5}},"branchMap":{"0":{"loc":{"start":{"line":2,"column":4},"end":{"line":2,"column":63}},"type":"if","locations":[{"start":{"line":2,"column":4},"end":{"line":2,"column":63}},{"start":{"line":2,"column":4},"end":{"line":2,"column":63}}],"line":2},"1":{"loc":{"start":{"line":3,"column":4},"end":{"line":3,"column":66}},"type":"if","locations":[{"start":{"line":3,"column":4},"end":{"line":3,"column":66}},{"start":{"line":3,"column":4},"end":{"line":3,"column":66}}],"line":3}},"s":{"0":4,"1":0,"2":4,"3":0,"4":4,"5":4,"6":16,"7":2},"f":{"0":4,"1":16},"b":{"0":[0,4],"1":[0,4]},"_coverageSchema":"1a1c01bbd47fc00a2c39e90264f33305004495a9","hash":"5095b8881df8b8f2e5c9c1e6c1c99c39ef8dc4b3"}
,"C:\\Users\\barry\\Desktop\\project-evaluateNewsNLP\\src\\client\\js\\formHandler.js": {"path":"C:\\Users\\barry\\Desktop\\project-evaluateNewsNLP\\src\\client\\js\\formHandler.js","statementMap":{"0":{"start":{"line":6,"column":21},"end":{"line":42,"column":1}},"1":{"start":{"line":7,"column":4},"end":{"line":7,"column":26}},"2":{"start":{"line":10,"column":14},"end":{"line":10,"column":51}},"3":{"start":{"line":12,"column":4},"end":{"line":17,"column":5}},"4":{"start":{"line":13,"column":8},"end":{"line":13,"column":32}},"5":{"start":{"line":14,"column":8},"end":{"line":14,"column":25}},"6":{"start":{"line":16,"column":8},"end":{"line":16,"column":81}},"7":{"start":{"line":20,"column":4},"end":{"line":20,"column":42}},"8":{"start":{"line":21,"column":4},"end":{"line":41,"column":41}},"9":{"start":{"line":32,"column":21},"end":{"line":32,"column":31}},"10":{"start":{"line":35,"column":12},"end":{"line":35,"column":88}},"11":{"start":{"line":36,"column":12},"end":{"line":36,"column":121}},"12":{"start":{"line":37,"column":12},"end":{"line":37,"column":100}},"13":{"start":{"line":38,"column":12},"end":{"line":38,"column":133}},"14":{"start":{"line":39,"column":12},"end":{"line":39,"column":84}},"15":{"start":{"line":45,"column":4},"end":{"line":47,"column":5}},"16":{"start":{"line":46,"column":8},"end":{"line":46,"column":59}}},"fnMap":{"0":{"name":"handleSubmit","decl":{"start":{"line":6,"column":30},"end":{"line":6,"column":42}},"loc":{"start":{"line":6,"column":50},"end":{"line":42,"column":1}},"line":6},"1":{"name":"(anonymous_1)","decl":{"start":{"line":32,"column":14},"end":{"line":32,"column":15}},"loc":{"start":{"line":32,"column":21},"end":{"line":32,"column":31}},"line":32},"2":{"name":"(anonymous_2)","decl":{"start":{"line":33,"column":14},"end":{"line":33,"column":15}},"loc":{"start":{"line":33,"column":28},"end":{"line":40,"column":9}},"line":33},"3":{"name":"checkURL","decl":{"start":{"line":44,"column":9},"end":{"line":44,"column":17}},"loc":{"start":{"line":44,"column":28},"end":{"line":50,"column":1}},"line":44}},"branchMap":{"0":{"loc":{"start":{"line":12,"column":4},"end":{"line":17,"column":5}},"type":"if","locations":[{"start":{"line":12,"column":4},"end":{"line":17,"column":5}},{"start":{"line":12,"column":4},"end":{"line":17,"column":5}}],"line":12},"1":{"loc":{"start":{"line":45,"column":4},"end":{"line":47,"column":5}},"type":"if","locations":[{"start":{"line":45,"column":4},"end":{"line":47,"column":5}},{"start":{"line":45,"column":4},"end":{"line":47,"column":5}}],"line":45}},"s":{"0":1,"1":0,"2":0,"3":0,"4":0,"5":0,"6":0,"7":0,"8":0,"9":0,"10":0,"11":0,"12":0,"13":0,"14":0,"15":1,"16":1},"f":{"0":0,"1":0,"2":0,"3":1},"b":{"0":[0,0],"1":[1,0]},"_coverageSchema":"1a1c01bbd47fc00a2c39e90264f33305004495a9","hash":"bd21eb6c91e786a3181751786ae7de0684b41cf3"}
,"C:\\Users\\barry\\Desktop\\project-evaluateNewsNLP\\src\\client\\js\\nameChecker.js": {"path":"C:\\Users\\barry\\Desktop\\project-evaluateNewsNLP\\src\\client\\js\\nameChecker.js","statementMap":{"0":{"start":{"line":2,"column":4},"end":{"line":2,"column":59}},"1":{"start":{"line":3,"column":16},"end":{"line":9,"column":5}},"2":{"start":{"line":11,"column":4},"end":{"line":13,"column":5}},"3":{"start":{"line":12,"column":8},"end":{"line":12,"column":34}}},"fnMap":{"0":{"name":"checkForName","decl":{"start":{"line":1,"column":9},"end":{"line":1,"column":21}},"loc":{"start":{"line":1,"column":33},"end":{"line":14,"column":1}},"line":1}},"branchMap":{"0":{"loc":{"start":{"line":11,"column":4},"end":{"line":13,"column":5}},"type":"if","locations":[{"start":{"line":11,"column":4},"end":{"line":13,"column":5}},{"start":{"line":11,"column":4},"end":{"line":13,"column":5}}],"line":11}},"s":{"0":0,"1":0,"2":0,"3":0},"f":{"0":0},"b":{"0":[0,0]},"_coverageSchema":"1a1c01bbd47fc00a2c39e90264f33305004495a9","hash":"4caa1b18f6ed54da61d4af7555ee4c8947a47740"}
}
