{"C:\\Users\\barry\\Desktop\\project-evaluateNewsNLP\\src\\filterByTerm.js": {"path":"C:\\Users\\barry\\Desktop\\project-evaluateNewsNLP\\src\\filterByTerm.js","statementMap":{"0":{"start":{"line":2,"column":4},"end":{"line":2,"column":63}},"1":{"start":{"line":2,"column":21},"end":{"line":2,"column":63}},"2":{"start":{"line":3,"column":4},"end":{"line":3,"column":66}},"3":{"start":{"line":3,"column":26},"end":{"line":3,"column":66}},"4":{"start":{"line":4,"column":18},"end":{"line":4,"column":45}},"5":{"start":{"line":5,"column":4},"end":{"line":7,"column":7}},"6":{"start":{"line":6,"column":8},"end":{"line":6,"column":45}},"7":{"start":{"line":10,"column":0},"end":{"line":10,"column":29}}},"fnMap":{"0":{"name":"filterByTerm","decl":{"start":{"line":1,"column":9},"end":{"line":1,"column":21}},"loc":{"start":{"line":1,"column":44},"end":{"line":8,"column":1}},"line":1},"1":{"name":"(anonymous_1)","decl":{"start":{"line":5,"column":27},"end":{"line":5,"column":28}},"loc":{"start":{"line":5,"column":50},"end":{"line":7,"column":5}},"line":5}},"branchMap":{"0":{"loc":{"start":{"line":2,"column":4},"end":{"line":2,"column":63}},"type":"if","locations":[{"start":{"line":2,"column":4},"end":{"line":2,"column":63}},{"start":{"line":2,"column":4},"end":{"line":2,"column":63}}],"line":2},"1":{"loc":{"start":{"line":3,"column":4},"end":{"line":3,"column":66}},"type":"if","locations":[{"start":{"line":3,"column":4},"end":{"line":3,"column":66}},{"start":{"line":3,"column":4},"end":{"line":3,"column":66}}],"line":3}},"s":{"0":4,"1":0,"2":4,"3":0,"4":4,"5":4,"6":16,"7":2},"f":{"0":4,"1":16},"b":{"0":[0,4],"1":[0,4]},"_coverageSchema":"1a1c01bbd47fc00a2c39e90264f33305004495a9","hash":"5095b8881df8b8f2e5c9c1e6c1c99c39ef8dc4b3"}
,"C:\\Users\\barry\\Desktop\\project-evaluateNewsNLP\\src\\client\\js\\formHandler.js": {"path":"C:\\Users\\barry\\Desktop\\project-evaluateNewsNLP\\src\\client\\js\\formHandler.js","statementMap":{"0":{"start":{"line":5,"column":21},"end":{"line":23,"column":1}},"1":{"start":{"line":6,"column":4},"end":{"line":6,"column":26}},"2":{"start":{"line":9,"column":14},"end":{"line":9,"column":51}},"3":{"start":{"line":11,"column":4},"end":{"line":21,"column":5}},"4":{"start":{"line":12,"column":8},"end":{"line":12,"column":46}},"5":{"start":{"line":15,"column":8},"end":{"line":15,"column":57}},"6":{"start":{"line":20,"column":8},"end":{"line":20,"column":85}},"7":{"start":{"line":28,"column":21},"end":{"line":28,"column":42}},"8":{"start":{"line":30,"column":4},"end":{"line":35,"column":5}},"9":{"start":{"line":31,"column":8},"end":{"line":31,"column":30}},"10":{"start":{"line":33,"column":8},"end":{"line":33,"column":30}},"11":{"start":{"line":34,"column":8},"end":{"line":34,"column":81}},"12":{"start":{"line":39,"column":20},"end":{"line":73,"column":1}},"13":{"start":{"line":40,"column":16},"end":{"line":51,"column":6}},"14":{"start":{"line":53,"column":4},"end":{"line":72,"column":5}},"15":{"start":{"line":54,"column":24},"end":{"line":54,"column":40}},"16":{"start":{"line":56,"column":8},"end":{"line":56,"column":43}},"17":{"start":{"line":60,"column":8},"end":{"line":60,"column":88}},"18":{"start":{"line":61,"column":8},"end":{"line":61,"column":121}},"19":{"start":{"line":62,"column":8},"end":{"line":62,"column":100}},"20":{"start":{"line":63,"column":8},"end":{"line":63,"column":133}},"21":{"start":{"line":64,"column":8},"end":{"line":64,"column":84}},"22":{"start":{"line":66,"column":8},"end":{"line":66,"column":23}},"23":{"start":{"line":70,"column":8},"end":{"line":70,"column":91}}},"fnMap":{"0":{"name":"handleSubmit","decl":{"start":{"line":5,"column":30},"end":{"line":5,"column":42}},"loc":{"start":{"line":5,"column":50},"end":{"line":23,"column":1}},"line":5},"1":{"name":"checkURL","decl":{"start":{"line":25,"column":9},"end":{"line":25,"column":17}},"loc":{"start":{"line":25,"column":28},"end":{"line":36,"column":1}},"line":25},"2":{"name":"(anonymous_2)","decl":{"start":{"line":39,"column":20},"end":{"line":39,"column":21}},"loc":{"start":{"line":39,"column":41},"end":{"line":73,"column":1}},"line":39}},"branchMap":{"0":{"loc":{"start":{"line":11,"column":4},"end":{"line":21,"column":5}},"type":"if","locations":[{"start":{"line":11,"column":4},"end":{"line":21,"column":5}},{"start":{"line":11,"column":4},"end":{"line":21,"column":5}}],"line":11},"1":{"loc":{"start":{"line":30,"column":4},"end":{"line":35,"column":5}},"type":"if","locations":[{"start":{"line":30,"column":4},"end":{"line":35,"column":5}},{"start":{"line":30,"column":4},"end":{"line":35,"column":5}}],"line":30}},"s":{"0":1,"1":0,"2":0,"3":0,"4":0,"5":0,"6":0,"7":1,"8":1,"9":0,"10":0,"11":0,"12":1,"13":0,"14":0,"15":0,"16":0,"17":0,"18":0,"19":0,"20":0,"21":0,"22":0,"23":0},"f":{"0":0,"1":1,"2":0},"b":{"0":[0,0],"1":[0,0]},"_coverageSchema":"1a1c01bbd47fc00a2c39e90264f33305004495a9","hash":"02eea8cd17b8d2d58dd3252762700ead0720ef36"}
,"C:\\Users\\barry\\Desktop\\project-evaluateNewsNLP\\src\\client\\js\\nameChecker.js": {"path":"C:\\Users\\barry\\Desktop\\project-evaluateNewsNLP\\src\\client\\js\\nameChecker.js","statementMap":{"0":{"start":{"line":3,"column":26},"end":{"line":3,"column":267}},"1":{"start":{"line":7,"column":16},"end":{"line":7,"column":43}},"2":{"start":{"line":10,"column":4},"end":{"line":10,"column":57}},"3":{"start":{"line":13,"column":4},"end":{"line":22,"column":5}},"4":{"start":{"line":16,"column":8},"end":{"line":16,"column":32}},"5":{"start":{"line":17,"column":8},"end":{"line":17,"column":20}},"6":{"start":{"line":19,"column":8},"end":{"line":19,"column":35}},"7":{"start":{"line":20,"column":8},"end":{"line":20,"column":59}},"8":{"start":{"line":21,"column":8},"end":{"line":21,"column":21}}},"fnMap":{"0":{"name":"validateURL","decl":{"start":{"line":1,"column":9},"end":{"line":1,"column":20}},"loc":{"start":{"line":1,"column":31},"end":{"line":23,"column":1}},"line":1}},"branchMap":{"0":{"loc":{"start":{"line":13,"column":4},"end":{"line":22,"column":5}},"type":"if","locations":[{"start":{"line":13,"column":4},"end":{"line":22,"column":5}},{"start":{"line":13,"column":4},"end":{"line":22,"column":5}}],"line":13}},"s":{"0":2,"1":2,"2":2,"3":2,"4":1,"5":1,"6":1,"7":1,"8":1},"f":{"0":2},"b":{"0":[1,1]},"_coverageSchema":"1a1c01bbd47fc00a2c39e90264f33305004495a9","hash":"dc2f535c28c962135ec8b1bc0fb29dc2c8e8cf2f"}
}
