TN:
SF:src\filterByTerm.js
FN:1,filterByTerm
FN:5,(anonymous_1)
FNF:2
FNH:2
FNDA:4,filterByTerm
FNDA:16,(anonymous_1)
DA:2,4
DA:3,4
DA:4,4
DA:5,4
DA:6,16
DA:10,2
LF:6
LH:6
BRDA:2,0,0,0
BRDA:2,0,1,4
BRDA:3,1,0,0
BRDA:3,1,1,4
BRF:4
BRH:2
end_of_record
TN:
SF:src\client\js\formHandler.js
FN:6,handleSubmit
FN:64,checkURL
FN:78,(anonymous_2)
FNF:3
FNH:1
FNDA:0,handleSubmit
FNDA:1,checkURL
FNDA:0,(anonymous_2)
DA:6,1
DA:7,0
DA:10,0
DA:26,0
DA:29,0
DA:66,1
DA:67,0
DA:69,0
DA:70,0
DA:72,0
DA:73,0
DA:78,1
DA:79,0
DA:92,0
DA:93,0
DA:95,0
DA:99,0
DA:100,0
DA:101,0
DA:102,0
DA:103,0
DA:105,0
DA:109,0
LF:23
LH:3
BRDA:69,0,0,0
BRDA:69,0,1,0
BRF:2
BRH:0
end_of_record
TN:
SF:src\client\js\nameChecker.js
FN:1,checkForName
FN:16,validateURL
FNF:2
FNH:0
FNDA:0,checkForName
FNDA:0,validateURL
DA:2,0
DA:3,0
DA:11,0
DA:12,0
DA:19,0
DA:24,0
DA:27,0
DA:30,0
DA:33,0
DA:34,0
DA:36,0
DA:37,0
DA:38,0
LF:13
LH:0
BRDA:11,0,0,0
BRDA:11,0,1,0
BRDA:30,1,0,0
BRDA:30,1,1,0
BRF:4
BRH:0
end_of_record
