TN:
SF:src\filterByTerm.js
FN:1,filterByTerm
FN:5,(anonymous_1)
FNF:2
FNH:2
FNDA:4,filterByTerm
FNDA:16,(anonymous_1)
DA:2,4
DA:3,4
DA:4,4
DA:5,4
DA:6,16
DA:10,2
LF:6
LH:6
BRDA:2,0,0,0
BRDA:2,0,1,4
BRDA:3,1,0,0
BRDA:3,1,1,4
BRF:4
BRH:2
end_of_record
TN:
SF:src\client\js\formHandler.js
FN:6,handleSubmit
FN:68,checkURL
FN:82,(anonymous_2)
FNF:3
FNH:1
FNDA:0,handleSubmit
FNDA:1,checkURL
FNDA:0,(anonymous_2)
DA:6,1
DA:7,0
DA:10,0
DA:13,0
DA:15,0
DA:26,0
DA:27,0
DA:30,0
DA:35,0
DA:70,1
DA:71,0
DA:73,0
DA:74,0
DA:76,0
DA:77,0
DA:82,1
DA:83,0
DA:96,0
DA:97,0
DA:99,0
DA:103,0
DA:104,0
DA:105,0
DA:106,0
DA:107,0
DA:109,0
DA:113,0
LF:27
LH:3
BRDA:26,0,0,0
BRDA:26,0,1,0
BRDA:73,1,0,0
BRDA:73,1,1,0
BRF:4
BRH:0
end_of_record
TN:
SF:src\client\js\nameChecker.js
FN:16,validateURL
FNF:1
FNH:0
FNDA:0,validateURL
DA:19,0
DA:24,0
DA:27,0
DA:30,0
DA:33,0
DA:34,0
DA:36,0
DA:37,0
DA:38,0
LF:9
LH:0
BRDA:30,0,0,0
BRDA:30,0,1,0
BRF:2
BRH:0
end_of_record
